{
  "RSpec": {
    "coverage": {
      "/home/friendly-cache-7081/tic-tac-toe-rb-online-web-sp-000/lib/tic_tac_toe.rb": [
        null,
        1,
        null,
        null,
        null,
        null,
        null,
        null,
        null,
        null,
        null,
        1,
        12,
        5,
        3,
        2,
        2,
        null,
        null,
        null,
        1,
        5,
        5,
        5,
        5,
        5,
        null,
        null,
        1,
        12,
        null,
        null,
        1,
        34,
        204,
        null,
        null,
        null,
        null,
        null,
        1,
        90,
        null,
        null,
        1,
        13,
        null,
        null,
        1,
        11,
        null,
        null,
        1,
        3,
        null,
        null,
        1,
        9,
        9,
        9,
        0,
        null,
        0,
        0,
        null,
        null,
        1,
        53,
        null,
        null,
        null,
        null,
        1,
        1,
        null,
        null,
        1,
        20,
        null,
        null,
        1,
        4,
        null,
        null,
        1,
        6,
        5,
        null,
        null
      ]
    },
    "timestamp": 1559436084
  }
}
